п»ҝ=== SHEET NAMES ===
[
  'в•ӘВәв”ҳГӨв•ӘВЎв•Әв”Ӯв•ӘВәв•ӘВҝв•ӘВәв•ӘВ¬ All Payments ',
  'в”ҳГўв•ӘВәв•Әв–’в•ӘВәв•ӘВ¬в”ҳГЁв”ҳГ§ Karate',
  'в•ӘВәв•Әв”Өв•ӘВ¬в•Әв–’в”ҳГўв•ӘВәв•ӘВ¬ в”ҳГўв•ӘВәв•Әв–’в•ӘВәв•ӘВ¬в”ҳГЁв•ӘвҢҗ Karate Pay',
  'Belts в•ӘВәв”ҳГӨв•ӘВәв•ӘВ«в•ӘВ¬в•ӘВҝв•ӘВәв•Әв–’в•ӘВәв•ӘВ¬',
  'в”ҳГ в”ҳГӨв•ӘВәв•ӘВҝв•Әв”Ӯ ',
  'в”ҳГўв”ҳГЁв”ҳГў в•ӘВҝв”ҳГӘв”ҳГўв•Әв”Ӯв”ҳГЁв”ҳГҘв•ӘВј KB',
  'в•ӘВәв•Әв”Өв•ӘВ¬в•Әв–’в•ӘВәв”ҳГўв•ӘВәв•ӘВ¬ в”ҳГўв”ҳГЁв”ҳГў в•ӘВҝв”ҳГӘв”ҳГўв•Әв”Ӯ KB Pay',
  'в•ӘВјв”ҳГ в•ӘВҝв•ӘВәв•Әв–“ GYM',
  'в•ӘВәв•Әв”Өв•ӘВ¬в•Әв–’в•ӘВәв”ҳГўв•ӘВәв•ӘВ¬ в•ӘВјв”ҳГ в•ӘВҝв•ӘВәв•Әв–“ GYM Pay',
  'в”ҳГўв•Әв–’в”ҳГЁв•Әв–“',
  'в•ӘВЎв•Әв”Ӯв•ӘВәв•ӘВҝ в”ҳГўв•Әв–’в”ҳГЁв•Әв–“',
  'в•ӘВ¬в•ӘВәв”ҳГЁв”ҳГўв”ҳГӘв”ҳГҘв•ӘВ»в”ҳГӘ taekwondo',
  'в•ӘВәв•Әв”Өв•ӘВ¬в•Әв–’в•ӘВәв”ҳГў в•ӘВ¬в•ӘВәв”ҳГЁв”ҳГўв”ҳГӘв•ӘВ»в”ҳГӘtaekwondo Payment',
  'в•ӘВәв•Әв”Өв•ӘВ¬в•Әв–’в•ӘВәв”ҳГўв•ӘВәв•ӘВ¬ в•ӘВјв”ҳГӘв•ӘВ»в”ҳГӘ',
  'в•ӘВјв”ҳГӘв•ӘВ»в”ҳГӘ',
  '2024',
  'Arnis',
  'в•ӘВәв”ҳГӨв•ӘВәв•ӘВ»в•ӘВәв•Әв–’в•ӘвҢҗ',
  'в”ҳГўв•Әв”Өв”ҳГј в•ӘВәв”ҳГӨв•Әв•‘в”ҳГЁв•ӘВәв•ӘВҝ'
]



=== SHEET: в•ӘВәв”ҳГӨв•ӘВЎв•Әв”Ӯв•ӘВәв•ӘВҝв•ӘВәв•ӘВ¬ All Payments  ===
First 3 rows:
Row 0: [" ","в•ӘВәв”ҳГӨв•ӘВәв•Әв–’в•ӘВҝв•Әв•Јв•ӘВәв•ӘГӯ "]
Row 1: [null,"End of Subscription ","Cash","Transfer+ATM","Belts & Uniform","Expenses","Bank ","Phone#","Item","sport","Invoice","comment"]
Row 2: [null,"в”ҳГҘв”ҳГ§в•ӘВәв”ҳГЁв•ӘвҢҗ в•ӘВәв”ҳГӨв•ӘВәв•Әв”Өв•ӘВ¬в•Әв–’в•ӘВәв”ҳГў ","в•ӘВәв”ҳГӨв”ҳГ в•ӘВҝв”ҳГӨв•Әв•‘ в”ҳГўв•ӘВәв•Әв”Ө","в•ӘВәв”ҳГӨв”ҳГ в•ӘВҝв”ҳГӨв•Әв•‘ в•ӘВ¬в•ӘВЎв”ҳГӘв”ҳГЁв”ҳГӨ ","в”ҳГ в”ҳГӨв•ӘВәв•ӘВҝв•Әв”Ӯ / в•ӘВЎв•Әв–“в•ӘВәв”ҳГ   ","в”ҳГ в•Әв•Ўв•Әв–’в”ҳГӘв”ҳГјв•ӘВәв•ӘВ¬","в•ӘВәв”ҳГЁв•ӘВ»в•ӘВәв•Әв•Ј в•ӘВҝв•ӘВәв”ҳГӨв•ӘВҝв”ҳГҘв”ҳГў","в•ӘВ¬в”ҳГӨв”ҳГЁв”ҳГјв”ҳГӘв”ҳГҘ","в•ӘВәв”ҳГӨв•Әв•Ўв”ҳГҘв”ҳГј ","в•ӘВәв”ҳГӨв•Әв–’в”ҳГЁв•ӘВәв•Әв•ўв•ӘвҢҗ ","в”ҳГјв•ӘВәв•ӘВ¬в”ҳГӘв•Әв–’в•ӘвҢҗ ","в”ҳГ в”ҳГӨв•ӘВәв•ӘВЎв•Әв••в•ӘВәв•ӘВ¬"]

=== SHEET: в”ҳГўв•ӘВәв•Әв–’в•ӘВәв•ӘВ¬в”ҳГЁв”ҳГ§ Karate ===
First 3 rows:
Row 0: [1," "]
Row 1: [null,"Names","в•ӘВәв”ҳГӨв•ӘВәв•Әв”Ӯв”ҳГ в•ӘВәв•ӘГӯ","в”ҳГ в”ҳГЁв”ҳГӨв•ӘВәв•ӘВ»","time","dad","mom","PAYMENTS","в”ҳГ в”ҳГӨв•ӘВәв•ӘВЎв•Әв••в•ӘВәв•ӘВ¬","в•ӘВәв”ҳГҘв•ӘВ¬в”ҳГ§в•ӘВәв•ӘГӯ в•ӘВәв”ҳГӨв•ӘВәв•Әв”Өв•ӘВ¬в•Әв–’в•ӘВәв”ҳГў","y",46082,46143,46204,46296,46357,"14-1","17-1","19-1","21-1","24-1","26-1","28-1","31-1",46055,46114,46205,46267,46328,"14-2","16-2","18-2","21-2","23-2","25-2",46327]
Row 2: [1,null,"в•ӘВјв•ӘВҝв•Әв–’ в•ӘВәв•ӘВЎв”ҳГ в•ӘВ» в•Әв•Јв•ӘВҝв•ӘВ»в•ӘВәв”ҳГӨв”ҳГӨв”ҳГ§ в•ӘВ«в”ҳГӨв”ҳГј в•ӘВәв”ҳГӨв•ӘВҝв•ӘВ»в•Әв–’",null,null,55579140,33191348,null,null,45940,null,0,0,0,0,0,0,0,0,0,0,0,0,0,0,0,0,0,0,0,0,0,0,0,0]

=== SHEET: в•ӘВәв•Әв”Өв•ӘВ¬в•Әв–’в”ҳГўв•ӘВәв•ӘВ¬ в”ҳГўв•ӘВәв•Әв–’в•ӘВәв•ӘВ¬в”ҳГЁв•ӘвҢҗ Karate Pay ===
First 3 rows:
Row 0: ["в•ӘВәв•Әв”Өв•ӘВ¬в•Әв–’в•ӘВәв”ҳГўв•ӘВәв•ӘВ¬ в•ӘВ¬в•ӘВ»в•Әв–’в”ҳГЁв•ӘВҝ в•ӘВәв”ҳГӨв”ҳГўв•ӘВәв•Әв–’в•ӘВәв•ӘВ¬в”ҳГЁв•ӘвҢҗ"]
Row 1: ["в”ҳГ ","в•ӘВәв”ҳГӨв•ӘВәв•Әв”Ӯв”ҳГ   Name","в”ҳГ©в”ҳГЁв”ҳГ в•ӘвҢҗ в•ӘВәв”ҳГӨв•ӘВәв•Әв”Өв•ӘВ¬в•Әв–’в•ӘВәв”ҳГў  Payment","в•ӘВ¬в•ӘВәв•Әв–’в”ҳГЁв•ӘВ« в•ӘВәв”ҳГӨв•ӘВ»в”ҳГјв•Әв•Ј Date of Payment","в”ҳГҘв”ҳГ§в•ӘВәв”ҳГЁв•ӘвҢҗ в•ӘВәв”ҳГӨв•ӘВәв•Әв”Өв•ӘВ¬в•Әв–’в•ӘВәв”ҳГў  End of Subscription","в”ҳГ в”ҳГӨв•ӘВәв•ӘВЎв•Әв••в•ӘВәв•ӘВ¬  Notes"]
Row 2: [1,"в•ӘВјв”ҳГӘв•Әв–“в”ҳГЁв”ҳГј в•Әв”Өв•Әв–’в•ӘВҝв”ҳГӨ в•Әв”Ӯв•Әв•Јв•ӘВәв•ӘВ»в”ҳГ§",500,45992,46023]

=== SHEET: Belts в•ӘВәв”ҳГӨв•ӘВәв•ӘВ«в•ӘВ¬в•ӘВҝв•ӘВәв•Әв–’в•ӘВәв•ӘВ¬ ===
First 3 rows:
Row 0: [null,null,"в•ӘВәв”ҳГӨв•ӘВәв•Әв”Ӯв”ҳГ  в•ӘВҝв•ӘВәв”ҳГӨв•Әв•Јв•Әв–’в•ӘВҝв”ҳГЁ","в•ӘВәв”ҳГӨв•ӘВәв•Әв”Ӯв”ҳГ  в•ӘВҝв•ӘВәв”ҳГӨв•ӘВәв”ҳГҘв•ӘВјв”ҳГӨв”ҳГЁв•Әв–“в”ҳГЁ","в•ӘВ¬в•ӘВәв•Әв–’в”ҳГЁв•ӘВ« в•ӘВәв”ҳГӨв•ӘВәв•ӘВ«в•ӘВ¬в•ӘВҝв•ӘВәв•Әв–’","в”ҳГҘв”ҳГӘв•Әв•Ј в•ӘВәв”ҳГӨв•ӘВЎв•Әв–“в•ӘВәв”ҳГ ","в•ӘВәв”ҳГӨв•Әв”Өв”ҳГ§в•ӘВәв•ӘВ»в•ӘВәв•ӘВ¬","в•ӘВәв”ҳГӨв•ӘВәв•Әв”Ӯв•ӘВ¬в”ҳГӨв•ӘВәв”ҳГ "]
Row 1: [null,null,"в•ӘВәв”ҳГӨв•ӘВЎв•ӘВәв•Әв–’в•ӘВҪ в•Әв–’в•ӘВәв•ӘВӘв•ӘВ» в•ӘВҝв•Әв–’в”ҳГўв•ӘВәв•ӘВ¬ в•ӘВәв”ҳГӨв•Әв•Јв”ҳГӨв•ӘВәв”ҳГӘв”ҳГЁв”ҳГҘ","Alhareth Raed Barakat",45511,"в•ӘВҝв”ҳГҘв”ҳГЁ 3","в•ӘВәв”ҳГӨв•ӘВәв•ӘВ¬в•ӘВЎв•ӘВәв•ӘВ»"]
Row 2: [null,null,"в”ҳГ в•ӘВҪв”ҳГҘв”ҳГЁ в•Әв–’в•ӘВәв•ӘВӘв•ӘВ» в•ӘВҝв•Әв–’в”ҳГўв•ӘВәв•ӘВ¬ в•ӘВәв”ҳГӨв•Әв•Јв”ҳГӨв•ӘВәв”ҳГӘв”ҳГЁв”ҳГҘ","Muthanna Raed Barakat",45511,"в•ӘВҝв”ҳГҘв”ҳГЁ 3","в•ӘВәв”ҳГӨв•ӘВәв•ӘВ¬в•ӘВЎв•ӘВәв•ӘВ»"]

=== SHEET: в”ҳГ в”ҳГӨв•ӘВәв•ӘВҝв•Әв”Ӯ  ===
First 3 rows:
Row 0: [null,"в•ӘВәв”ҳГӨв•ӘВәв•Әв”Ӯв”ҳГ  ","в•ӘВәв”ҳГӨв”ҳГ в•ӘВҝв”ҳГӨв•Әв•‘","в•ӘВәв”ҳГӨв•ӘВ¬в•ӘВәв•Әв–’в”ҳГЁв•ӘВ« "]
Row 1: [1,"в”ҳГҘв”ҳГӘв•Әв–’ в•ӘВҝв”ҳГ§в•ӘВәв•ӘГӯ в•ӘВҝв”ҳГӘв”ҳГјв•ӘВјв•Әв–’ в•ӘВәв”ҳГӨв•ӘВ»в”ҳГЁв”ҳГҘ ",150,46058,"ATM"]
Row 2: [2,"в•ӘВәв”ҳГЁв•Әв”Өв•ӘВәв”ҳГҘ в•Әв”Ӯв”ҳГӘв”ҳГҘв”ҳГЁв”ҳГӨ в•Әв”Өв•ӘВәв”ҳГҘв•ӘВ»в•Әв–’в•ӘВәв”ҳГҘ",150,46058]

=== SHEET: в”ҳГўв”ҳГЁв”ҳГў в•ӘВҝв”ҳГӘв”ҳГўв•Әв”Ӯв”ҳГЁв”ҳГҘв•ӘВј KB ===
First 3 rows:
Row 0: ["в”ҳГ ","NAME","в•ӘВәв”ҳГӨв•ӘВәв•Әв”Ӯв”ҳГ ","DAD ","MOM ","TIME","PAYMENTS","в”ҳГ в”ҳГӨв•ӘВЎв”ҳГӘв•Әв••в•ӘВәв•ӘВ¬ Notes","RENEW",46023,46113,46174,46235,46327,"13-1","15-1","18-1","20-1","22-1","25-1","27-1","29-1",46024,46083,46144,46236,46358,"17-2","19-2","22-2"]
Row 1: [1,"Abdullah","в•Әв•Јв•ӘВҝв•ӘВ»в•ӘВәв”ҳГӨв”ҳГӨв”ҳГ§ в•Әв”Ӯв”ҳГӨв”ҳГ в•ӘВәв”ҳГҘ в•ӘВәв”ҳГӨв•Әв”Өв”ҳГЁв•ӘВҝв•ӘвҢҗ ",55854440,55854440,45084,500,null,46082,null,null,null,null,null,null,null,null,null,null,null,null,null,1,1,1,1,1,1,0,1]
Row 2: [2,null,"в•ӘВ¬в”ҳГ в”ҳГЁв”ҳГ  в•Әв•Јв•Әв•Ўв”ҳГ в•ӘВ¬ ",66753448,"7050 0665",null,450,null,46073,null,null,null,null,null,null,null,1,1,1,1,1,1,1,1,0,1,1,1,0,0]

=== SHEET: в•ӘВәв•Әв”Өв•ӘВ¬в•Әв–’в•ӘВәв”ҳГўв•ӘВәв•ӘВ¬ в”ҳГўв”ҳГЁв”ҳГў в•ӘВҝв”ҳГӘв”ҳГўв•Әв”Ӯ KB Pay ===
First 3 rows:
Row 0: []
Row 1: ["в”ҳГ ","в•ӘВәв”ҳГӨв•ӘВәв•Әв”Ӯв”ҳГ  ","в”ҳГ©в”ҳГЁв”ҳГ в•ӘвҢҗ в•ӘВәв”ҳГӨв•ӘВәв•Әв”Өв•ӘВ¬в•Әв–’в•ӘВәв”ҳГў ","в•ӘВ¬в•ӘВәв•Әв–’в”ҳГЁв•ӘВ« в•ӘВәв”ҳГӨв•ӘВ»в”ҳГјв•Әв•Ј",45870,45901,45931,null,"в”ҳГҘв”ҳГ§в•ӘВәв”ҳГЁв•ӘвҢҗ в•ӘВәв”ҳГӨв•ӘВәв•Әв”Өв•ӘВ¬в•Әв–’в•ӘВәв”ҳГў","в”ҳГ в”ҳГӨв•ӘВәв•ӘВЎв•Әв••в•ӘВәв•ӘВ¬ "]
Row 2: [1,"в”ҳГӨв•ӘВәв•Әв–“в•ӘВҝв”ҳГЁв”ҳГў в•ӘВәв•Әв”Ӯв”ҳГӨв•ӘВәв”ҳГ в”ҳГӘв”ҳГј",500,46019,null,null,null,null,46046]

=== SHEET: в•ӘВјв”ҳГ в•ӘВҝв•ӘВәв•Әв–“ GYM ===
First 3 rows:
Row 0: []
Row 1: ["в”ҳГ ","NAME","в•ӘВәв”ҳГӨв•ӘВәв•Әв”Ӯв”ҳГ ","DAD ","MOM ",null,"TIME","PAYMENTS",null,"Days","RENEW",46023,46113,46174,46235,46327,"13-1","15-1","18-1","20-1","22-1","25-1","27-1","29-1",46024,46083,46144,46236,46358,null,"17-2","19-2","22-2","24-2",46079]
Row 2: [1,null,"в•Әв”Ӯв”ҳГӨв”ҳГ в”ҳГЁ в”ҳГ§в”ҳГЁв•ӘВҪв”ҳГ  в”ҳГ в•ӘВЎв”ҳГ в•ӘВ» в•Әв”Ӯв”ҳГЁв”ҳГј в•ӘВәв”ҳГӨв•ӘВ»в”ҳГЁв”ҳГҘ в•ӘВәв”ҳГӨв”ҳГҘв”ҳГӘв•ӘВәв•Әв”Ӯв•ӘВәв”ҳГҘв”ҳГЁ",77618271,null,null,null,null,null,null,46089,null,null,null,null,null,null,null,null,null,null,null,null,null,null,null,null,1,0,0,0,0,0,0,1]

=== SHEET: в•ӘВәв•Әв”Өв•ӘВ¬в•Әв–’в•ӘВәв”ҳГўв•ӘВәв•ӘВ¬ в•ӘВјв”ҳГ в•ӘВҝв•ӘВәв•Әв–“ GYM Pay ===
First 3 rows:
Row 0: ["в•ӘВәв•Әв”Өв•ӘВ¬в•Әв–’в•ӘВәв”ҳГў в•ӘВ¬в•ӘВ»в•Әв–’в”ҳГЁв•ӘВҝ в•ӘВәв”ҳГӨв•ӘВјв”ҳГ в•ӘВҝв•ӘВәв•Әв–“"]
Row 1: ["в”ҳГ ","в•ӘВәв”ҳГӨв•ӘВәв•Әв”Ӯв”ҳГ  ","в”ҳГ©в”ҳГЁв”ҳГ в•ӘвҢҗ в•ӘВәв”ҳГӨв•ӘВәв•Әв”Өв•ӘВ¬в•Әв–’в•ӘВәв”ҳГў ","в•ӘВ¬в•ӘВәв•Әв–’в”ҳГЁв•ӘВ« в•ӘВәв”ҳГӨв•ӘВ»в”ҳГјв•Әв•Ј","в”ҳГҘв”ҳГ§в•ӘВәв”ҳГЁв•ӘвҢҗ в•ӘВәв”ҳГӨв•ӘВәв•Әв”Өв•ӘВ¬в•Әв–’в•ӘВәв”ҳГў ","в”ҳГ в”ҳГӨв•ӘВәв•ӘВЎв•Әв••в•ӘВәв•ӘВ¬ "]
Row 2: [1,"в•Әв•‘в”ҳГҘв”ҳГЁ в•ӘВәв•ӘВЎв”ҳГ в•ӘВ» в•ӘВЎв•ӘВәв”ҳГ в•ӘВ»",500,45998,46001]

=== SHEET: в”ҳГўв•Әв–’в”ҳГЁв•Әв–“ ===
First 3 rows:
Row 0: [null,null,null,null,null,null,null,null,null,null,null,null,400,500,600,700,800,900,1000,1100,1200,1300,1400,1500,1600,100,200,300,400,500,600,700,800,900,1000]
Row 1: ["в”ҳГ ","NAME","в•ӘВәв”ҳГӨв•ӘВәв•Әв”Ӯв”ҳГ ","DAD ","MOM ",null,"START","TIME","PAYMENTS",null,"Days","RENEW",46023,46113,46174,46235,46327,"13-1","15-1","18-1","20-1","22-1","25-1","27-1","29-1",46024,46083,46144,46236,46358,"17-2","19-2","22-2","24-2","26-2",46025]
Row 2: [1,"FAREDA MOHAMED SHABAAN AHMED","в”ҳГјв•Әв–’в”ҳГЁв•ӘВ»в•ӘвҢҗ в”ҳГ в•ӘВЎв”ҳГ в•ӘВ» в•Әв”Өв•Әв•Јв•ӘВҝв•ӘВәв”ҳГҘ в”ҳГ в•ӘВЎв”ҳГ в•ӘВ» в•ӘВәв•ӘВЎв”ҳГ в•ӘВ» ",70486194,70486194,2016,null,45783,450,null,null,46064,0,0,1,0,1,1,1,1,1,1,1,1,0,1,1,1,1,0]

=== SHEET: в•ӘВЎв•Әв”Ӯв•ӘВәв•ӘВҝ в”ҳГўв•Әв–’в”ҳГЁв•Әв–“ ===
First 3 rows:
Row 0: []
Row 1: ["в”ҳГ ","в•ӘВәв”ҳГӨв•ӘВәв•Әв”Ӯв”ҳГ  ","в”ҳГ©в”ҳГЁв”ҳГ в•ӘвҢҗ в•ӘВәв”ҳГӨв•ӘВәв•Әв”Өв•ӘВ¬в•Әв–’в•ӘВәв”ҳГў ","в•ӘВ¬в•ӘВәв•Әв–’в”ҳГЁв•ӘВ« в•ӘВәв”ҳГӨв•ӘВ»в”ҳГјв•Әв•Ј","в”ҳГҘв”ҳГ§в•ӘВәв”ҳГЁв•ӘвҢҗ в•ӘВәв”ҳГӨв•ӘВәв•Әв”Өв•ӘВ¬в•Әв–’в•ӘВәв”ҳГў ","в”ҳГ в”ҳГӨв•ӘВәв•ӘВЎв•Әв••в•ӘВәв•ӘВ¬ "]
Row 2: [null,"в•ӘВәв”ҳГЁв•ӘВәв•ӘВ¬ в•ӘВҝв•Әв”Ӯв•ӘВәв”ҳГ  в•ӘВ»в•Әв–’в•ӘВәв”ҳГӘв”ҳГЁв”ҳГӨ",475,45993,46024]

=== SHEET: в•ӘВ¬в•ӘВәв”ҳГЁв”ҳГўв”ҳГӘв”ҳГҘв•ӘВ»в”ҳГӘ taekwondo ===
First 3 rows:
Row 0: ["                                                                                                                                          ","Names","в•ӘВәв”ҳГӨв•ӘВәв•Әв”Ӯв”ҳГ в•ӘВәв•ӘГӯ","dad","mam","в•ӘВ¬в•ӘВәв•Әв–’в”ҳГЁв•ӘВ« в•ӘВәв”ҳГӨв•ӘВ¬в•ӘВјв•ӘВ»в”ҳГЁв•ӘВ»","payment","Notes","в”ҳГ в”ҳГӘв•ӘВәв•Әв•Јв”ҳГЁв•ӘВ»",46023,46113,46174,46235,46327,"13-1","15-1","18-1","20-1","22-1","25-1","27-1","29-1",46024,46083,46144,46236,46358,46068,"17-2",46072,"22-2"]
Row 1: [1,"ADAM MOHAMMED ELSAYED ABDRLAAL","в•ӘВәв•ӘВ»в•ӘВәв”ҳГ  в”ҳГ в•ӘВЎв”ҳГ в•ӘВ» в•ӘВәв”ҳГӨв•Әв”Ӯв”ҳГЁв•ӘВ» в•Әв•Јв•ӘВҝв•ӘВ»в•ӘВәв”ҳГӨв”ҳГӨв•Әв•–в”ҳГЁв”ҳГј в•Әв•Јв•ӘВҝв•ӘВ»в•ӘВәв”ҳГӨв•Әв•Јв•ӘВәв”ҳГӨ",70704947,74478040,46064,475,2017,45783,0,0,1,0,1,1,1,1,1,1,0,1,0,1,1,1,1,null,1,0]
Row 2: [2,"HABIBA MOHAMMED ELSAYED ABDRLAAL","в•ӘВЎв•ӘВҝв”ҳГЁв•ӘВҝв”ҳГ§ в”ҳГ в•ӘВЎв”ҳГ в•ӘВ» в•ӘВәв”ҳГӨв•Әв”Ӯв”ҳГЁв•ӘВ» в•Әв•Јв•ӘВҝв•ӘВ»в•ӘВәв”ҳГӨв”ҳГӨв•Әв•–в”ҳГЁв”ҳГј в•Әв•Јв•ӘВҝв•ӘВ»в•ӘВәв”ҳГӨв•Әв•Јв•ӘВәв”ҳГӨ",70704947,70704947,46064,475,2013,45783,0,0,1,0,1,1,1,1,1,1,0,1,0,1,1,1,1,null,1,0]

=== SHEET: в•ӘВәв•Әв”Өв•ӘВ¬в•Әв–’в•ӘВәв”ҳГў в•ӘВ¬в•ӘВәв”ҳГЁв”ҳГўв”ҳГӘв•ӘВ»в”ҳГӘtaekwondo Payment ===
First 3 rows:
Row 0: []
Row 1: ["в”ҳГ ","в•ӘВәв”ҳГӨв•ӘВәв•Әв”Ӯв”ҳГ  ","в”ҳГ©в”ҳГЁв”ҳГ в•ӘвҢҗ в•ӘВәв”ҳГӨв•ӘВәв•Әв”Өв•ӘВ¬в•Әв–’в•ӘВәв”ҳГў ","в•ӘВ¬в•ӘВәв•Әв–’в”ҳГЁв•ӘВ« в•ӘВәв”ҳГӨв•ӘВ»в”ҳГјв•Әв•Ј","в”ҳГҘв”ҳГ§в•ӘВәв”ҳГЁв•ӘвҢҗ в•ӘВәв”ҳГӨв•ӘВәв•Әв”Өв•ӘВ¬в•Әв–’в•ӘВәв”ҳГў ","в”ҳГ в”ҳГӨв•ӘВәв•ӘВЎв•Әв••в•ӘВәв•ӘВ¬ "]
Row 2: [1,"в•ӘВҝв•Әв–’в•ӘВәв•ӘГӯ в•ӘВҝв•Әв”Ӯв•ӘВәв”ҳГ  в•ӘВ»в•Әв–’в•ӘВәв”ҳГӘв”ҳГЁв”ҳГӨ",475,45993,46024]

=== SHEET: в•ӘВәв•Әв”Өв•ӘВ¬в•Әв–’в•ӘВәв”ҳГўв•ӘВәв•ӘВ¬ в•ӘВјв”ҳГӘв•ӘВ»в”ҳГӘ ===
First 3 rows:
Row 0: ["в•ӘВәв•Әв”Өв•ӘВ¬в•Әв–’в•ӘВәв”ҳГў в•ӘВ¬в•ӘВ»в•Әв–’в”ҳГЁв•ӘВҝ в•ӘВәв”ҳГӨв•ӘВјв”ҳГӘв•ӘВ»в”ҳГӘ"]
Row 1: ["в”ҳГ ","в•ӘВәв”ҳГӨв•ӘВәв•Әв”Ӯв”ҳГ  ","в”ҳГ©в”ҳГЁв”ҳГ в•ӘвҢҗ в•ӘВәв”ҳГӨв•ӘВәв•Әв”Өв•ӘВ¬в•Әв–’в•ӘВәв”ҳГў ","в•ӘВ¬в•ӘВәв•Әв–’в”ҳГЁв•ӘВ« в•ӘВәв”ҳГӨв•ӘВ»в”ҳГјв•Әв•Ј","в”ҳГҘв”ҳГ§в•ӘВәв”ҳГЁв•ӘвҢҗ в•ӘВәв”ҳГӨв•ӘВәв•Әв”Өв•ӘВ¬в•Әв–’в•ӘВәв”ҳГў ","в”ҳГ в”ҳГӨв•ӘВәв•ӘВЎв•Әв••в•ӘВәв•ӘВ¬ "]
Row 2: [null,null,null,null,null,null,null,null,null,"в•ӘВәв•ӘВ«в•ӘВ¬в•ӘВҝв•ӘВәв•Әв–’ в•ӘВјв”ҳГӘв•ӘВ»в”ҳГӘ 27-11-2025"]

=== SHEET: в•ӘВјв”ҳГӘв•ӘВ»в”ҳГӘ ===
First 3 rows:
Row 0: ["в”ҳГ ","Names","в•ӘВәв”ҳГӨв•ӘВәв•Әв”Ӯв”ҳГ в•ӘВәв•ӘГӯ","dad","mam","в•ӘВ¬в•ӘВәв•Әв–’в”ҳГЁв•ӘВ« в•ӘВәв”ҳГӨв•ӘВ¬в•ӘВјв•ӘВ»в”ҳГЁв•ӘВ»","payment","Notes","в”ҳГ в”ҳГӘв•ӘВәв•Әв•Јв”ҳГЁв•ӘВ»",46023,46113,46174,46235,46327,"13-1","15-1","18-1",null,"22-1","25-1",null,"29-1",46024,46083,46144]
Row 1: [3,"ASER HOSSAM AHMED ABUHASHEM MIHAMMED","в•ӘВәв•Әв”Ӯв•Әв–’ в•ӘВЎв•Әв”Ӯв•ӘВәв”ҳГ ",55342322,null,46064,45450,2016,45815,1,1,1,1,0,1,1,1,1,1,1,1,0,1,1,1,1]
Row 2: [12,"AMIR RAFAT ABDELRAHIM ASSA","в•ӘВәв”ҳГ в”ҳГЁв•Әв–’ в•Әв–’в•ӘВәв”ҳГјв•ӘВ¬ в•Әв•Јв•ӘВҝв•ӘВ»в•ӘВәв”ҳГӨв•Әв–’в•ӘВЎв”ҳГЁв”ҳГ  в•Әв•Јв”ҳГЁв•Әв”Ӯв”ҳГ«",33487457,33487457,46028,45815,null,45815,0,0,1,1,1,1,1,1,1,1,1,1,1,1,1,1,1]

=== SHEET: 2024 ===
First 3 rows:
Row 0: [" ",null,null,null,null,null,null,null,null,null,null,null,"в•ӘГів•Әв•‘в•Әв”Ӯв•Әв•–в•Әв”Ӯ",null,null,null,"в•Әв”Ӯв•ӘВҝв•ӘВ¬в”ҳГ в•ӘВҝв•Әв–’",null,null,"в•ӘВәв”ҳГўв•ӘВ¬в”ҳГӘв•ӘВҝв•Әв–’",null,null,null,"в”ҳГҘв”ҳГӘв”ҳГјв”ҳГ в•ӘВҝв•Әв–’",null,null,null,"в•ӘВ»в”ҳГЁв•Әв”Ӯв”ҳГ в•ӘВҝв•Әв–’",null,null,null,45658]
Row 1: [null,"в”ҳГҘв”ҳГ§в•ӘВәв”ҳГЁв•ӘвҢҗ в•ӘВәв”ҳГӨв•ӘВәв•Әв”Өв•ӘВ¬в•Әв–’в•ӘВәв”ҳГў End of Subscription ","в•ӘВәв”ҳГӨв”ҳГ в•ӘВҝв”ҳГӨв•Әв•‘ в”ҳГўв•ӘВәв•Әв”Ө Cash","в”ҳГ в”ҳГӨв•ӘВәв•ӘВҝв•Әв”Ӯ / в•ӘВЎв•Әв–“в•ӘВәв”ҳГ   Belts & Uniform","в•ӘВәв”ҳГӨв”ҳГ в•ӘВҝв”ҳГӨв•Әв•‘ в•ӘВ¬в•ӘВЎв”ҳГӘв”ҳГЁв”ҳГӨ Transfer","Phone#","в•ӘВәв”ҳГӨв•Әв•Ўв”ҳГҘв”ҳГј Item","в•ӘВәв”ҳГӨв•Әв–’в”ҳГЁв•ӘВәв•Әв•ўв•ӘвҢҗ sport","в”ҳГјв•ӘВәв•ӘВ¬в”ҳГӘв•Әв–’в•ӘвҢҗ Invoice","comment",null,null,"в•ӘВәв”ҳГӨв”ҳГҘв•ӘВәв•ӘВ»в”ҳГЁ ","в”ҳГ в”ҳГӨв•ӘВәв•ӘВЎв•Әв••в•ӘВәв•ӘВ¬",null,null,"в•ӘВәв”ҳГӨв”ҳГҘв•ӘВәв•ӘВ»в”ҳГЁ ","в”ҳГ в”ҳГӨв•ӘВәв•ӘВЎв•Әв••в•ӘВәв•ӘВ¬",null,"в•ӘВәв”ҳГӨв”ҳГҘв•ӘВәв•ӘВ»в”ҳГЁ ","в”ҳГ в”ҳГӨв•ӘВәв•ӘВЎв•Әв••в•ӘВәв•ӘВ¬",null,null,"в•ӘВәв”ҳГӨв”ҳГҘв•ӘВәв•ӘВ»в”ҳГЁ ","в”ҳГ в”ҳГӨв•ӘВәв•ӘВЎв•Әв••в•ӘВәв•ӘВ¬",null,null,"в•ӘВәв”ҳГӨв”ҳГҘв•ӘВәв•ӘВ»в”ҳГЁ ","в”ҳГ в”ҳГӨв•ӘВәв•ӘВЎв•Әв••в•ӘВәв•ӘВ¬",null,null,"в•ӘВәв”ҳГӨв”ҳГҘв•ӘВәв•ӘВ»в”ҳГЁ ","в”ҳГ в”ҳГӨв•ӘВәв•ӘВЎв•Әв••в•ӘВәв•ӘВ¬"]
Row 2: [null,null,null,null,null,null,null,null,null,null,null,12000,"в•ӘВәв”ҳГЁв•ӘВјв•ӘВәв•Әв–’ в•ӘВәв”ҳГӨв•ӘВәв”ҳГўв•ӘВәв•ӘВ»в”ҳГЁв”ҳГ в”ҳГЁв”ҳГ§",null,null,"-","в•ӘВәв”ҳГЁв•ӘВјв•ӘВәв•Әв–’ в•ӘВәв”ҳГӨв•ӘВәв”ҳГўв•ӘВәв•ӘВ»в”ҳГЁв”ҳГ в”ҳГЁв”ҳГ§",null,"-","в•ӘВәв”ҳГЁв•ӘВјв•ӘВәв•Әв–’ в•ӘВәв”ҳГӨв•ӘВәв”ҳГўв•ӘВәв•ӘВ»в”ҳГЁв”ҳГ в”ҳГЁв”ҳГ§",null,null,600,"в”ҳГўв•ӘВәв•ӘВҝв•ӘВ¬в”ҳГҘ в•Әв•Јв•ӘВҝв•ӘВ» в•ӘВәв”ҳГӨв•ӘВҝв•ӘВәв•Әв”Ӯв•Әв•–","в•ӘВәв”ҳГӨв•ӘВҝв•ӘВәв”ҳГ©в”ҳГЁ 100",null,1200,"в”ҳГўв•ӘВәв•ӘВҝв•ӘВ¬в”ҳГҘ в•Әв•Јв•ӘВҝв•ӘВ» в•ӘВәв”ҳГӨв•ӘВҝв•ӘВәв•Әв”Ӯв•Әв•–",null,null,1250,"в”ҳГўв•ӘВәв•ӘВҝв•ӘВ¬в”ҳГҘ/ в•Әв•Јв•ӘВҝв•ӘВ» в•ӘВәв”ҳГӨв•ӘВҝв•ӘВәв•Әв”Ӯв•Әв•–"]

=== SHEET: Arnis ===
First 3 rows:
Row 0: []
Row 1: ["в”ҳГ ","Names","в•ӘВәв”ҳГӨв•ӘВәв•Әв”Ӯв”ҳГ в•ӘВәв•ӘГӯ","dad","mam","в•ӘВ¬в•ӘВәв•Әв–’в”ҳГЁв•ӘВ« в•ӘВәв”ҳГӨв•ӘВ¬в•ӘВјв•ӘВ»в”ҳГЁв•ӘВ»","в”ҳГ в”ҳГӘв•ӘВәв•Әв•Јв”ҳГЁв•ӘВ»","в”ҳГ в”ҳГӨв•ӘВәв•ӘВЎв•Әв••в•ӘВәв•ӘВ¬","30-10",45393,"16-12","23 -12","25 -12","30-12",45658,45809,45870,"13-1","15-1","20-1","22-1","27-1","29-1",45718,45779,45932,45993,"17-2","19-2","24-2","26-2",45719,45780,45994,"19-3","24-3","26-3",45904,"23-4",45782,45843,45996,"14-5","19-5","21-5","26-5","28-5","21-7",null,"28-7","30-7",45755,45816,45969,"13-8","27-8",45878,"15-9","17-9"]
Row 2: [null,"Mohamed Hamzah Kahilan","в”ҳГ в•ӘВЎв”ҳГ в•ӘВ» в•ӘВЎв”ҳГ в•Әв–“в•ӘвҢҗ в”ҳГўв•ӘВәв”ҳГ§в”ҳГЁв”ҳГӨв•ӘВәв”ҳГҘ",55326159,null,45800,"7:30-9:30",400,1,1,1,1,1,1,1,1,1,null,1,1,1,1,1,1,1,1,1,1,1,1,1,1,1,1,1,1,1,null,1,1,1,1,1,1,1,1,1,1,null,1,50,50,null,1,0,null,1,1,0]

=== SHEET: в•ӘВәв”ҳГӨв•ӘВәв•ӘВ»в•ӘВәв•Әв–’в•ӘвҢҗ ===
First 3 rows:
Row 0: []
Row 1: [null,"Sport","Coach","Coach","1st salary","mobile","January","February","March","April","May","June","July","August","September","October","November","December"]
Row 2: [null,"в•ӘВәв”ҳГӨв•Әв–’в”ҳГЁв•ӘВәв•Әв•ўв•ӘвҢҗ","в•ӘВәв”ҳГӨв”ҳГ в•ӘВ»в•Әв–’в•ӘВҝ","в•ӘВәв”ҳГӨв”ҳГ в•ӘВ»в•Әв–’в•ӘВҝ","в•ӘВҝв•ӘВ»в•ӘВәв”ҳГЁв•ӘвҢҗ в•Әв–’в•ӘВәв•ӘВ¬в•ӘВҝ","в•ӘВ¬в”ҳГӨв”ҳГЁв”ҳГјв”ҳГӘв”ҳГҘ","в”ҳГЁв”ҳГҘв•ӘВәв”ҳГЁв•Әв–’","в”ҳГјв•ӘВҝв•Әв–’в•ӘВәв”ҳГЁв•Әв–’","в”ҳГ в•ӘВәв•Әв–’в•Әв”Ӯ","в•ӘВәв•ӘВҝв•Әв–’в”ҳГЁв”ҳГӨ","в”ҳГ в•ӘВәв”ҳГЁв”ҳГӘ","в”ҳГЁв”ҳГӘв”ҳГҘв”ҳГЁв”ҳГӘ","в”ҳГЁв”ҳГӘв”ҳГӨв”ҳГЁв”ҳГӘ","в•ӘВәв•Әв•‘в•Әв”Ӯв•Әв•–в•Әв”Ӯ","в•Әв”Ӯв•ӘВҝв•ӘВ¬в”ҳГ в•ӘВҝв•Әв–’","в•ӘГәв”ҳГўв•ӘВ¬в”ҳГӘв•ӘВҝв•Әв–’","в”ҳГҘв”ҳГӘв”ҳГјв”ҳГ в•ӘВҝв•Әв–’","в•Әв–’в”ҳГЁв•Әв”Ӯв”ҳГЁв”ҳГ в•ӘВҝв•Әв–’"]

=== SHEET: в”ҳГўв•Әв”Өв”ҳГј в•ӘВәв”ҳГӨв•Әв•‘в”ҳГЁв•ӘВәв•ӘВҝ ===
First 3 rows:
Row 0: ["в•ӘВәв•ӘВЎв”ҳГ в•ӘВ» ",null,null,"в•ӘВҝв”ҳГӨв•ӘВәв”ҳГӨ ",null,null,"в”ҳГҘв”ҳГӘв•Әв–’в”ҳГ§",null,null,"в”ҳГўв•Әв–’в”ҳГЁв•Әв–“",null,null,"в•Әв–’в•ӘВЎв”ҳГ в”ҳГ§ "]
Row 1: ["в•ӘВәв”ҳГӨв”ҳГЁв”ҳГӘв”ҳГ ","в•ӘВәв”ҳГӨв•ӘВ¬в•ӘВәв•Әв–’в”ҳГЁв•ӘВ« ","в”ҳГ©в”ҳГЁв”ҳГ в”ҳГ§ в•ӘВәв”ҳГӨв•ӘВ«в•Әв•Ўв”ҳГ ","в•ӘВәв”ҳГӨв”ҳГЁв”ҳГӘв”ҳГ ","в•ӘВәв”ҳГӨв•ӘВ¬в•ӘВәв•Әв–’в”ҳГЁв•ӘВ« ","в”ҳГ©в”ҳГЁв”ҳГ в”ҳГ§ в•ӘВәв”ҳГӨв•ӘВ«в•Әв•Ўв”ҳГ ","в•ӘВәв”ҳГӨв”ҳГЁв”ҳГӘв”ҳГ ","в•ӘВәв”ҳГӨв•ӘВ¬в•ӘВәв•Әв–’в”ҳГЁв•ӘВ« ","в”ҳГ©в”ҳГЁв”ҳГ в”ҳГ§ в•ӘВәв”ҳГӨв•ӘВ«в•Әв•Ўв”ҳГ ","в•ӘВәв”ҳГӨв”ҳГЁв”ҳГӘв”ҳГ ","в•ӘВәв”ҳГӨв•ӘВ¬в•ӘВәв•Әв–’в”ҳГЁв•ӘВ« ","в”ҳГ©в”ҳГЁв”ҳГ в”ҳГ§ в•ӘВәв”ҳГӨв•ӘВ«в•Әв•Ўв”ҳГ ","в•ӘВәв”ҳГӨв”ҳГЁв”ҳГӘв”ҳГ ","в•ӘВәв”ҳГӨв•ӘВ¬в•ӘВәв•Әв–’в”ҳГЁв•ӘВ« ","в”ҳГ©в”ҳГЁв”ҳГ в”ҳГ§ в•ӘВәв”ҳГӨв•ӘВ«в•Әв•Ўв”ҳГ "]
Row 2: ["в•ӘВәв”ҳГӨв•ӘВәв•ӘВЎв•ӘВ» ",46068,null,"в•ӘВәв”ҳГӨв•Әв”Ӯв•ӘВҝв•ӘВ¬ ",46039,"в”ҳГӨв”ҳГ  в”ҳГЁв•ӘВ¬в”ҳГ  в•ӘВәв”ҳГӨв•ӘВ«в•Әв•Ўв”ҳГ "]
